<?xml version="1.0" encoding="UTF-8"?>
<testng-results ignored="0" total="1" passed="1" failed="0" skipped="0">
  <reporter-output>
  </reporter-output>
  <suite started-at="2025-03-11T22:52:40 IST" name="Default suite" finished-at="2025-03-11T22:53:04 IST" duration-ms="24363">
    <groups>
    </groups>
    <test started-at="2025-03-11T22:52:40 IST" name="Default test" finished-at="2025-03-11T22:53:04 IST" duration-ms="24363">
      <class name="shop_pumper.Store_pumper_offers">
        <test-method signature="main()[pri:0, instance:shop_pumper.Store_pumper_offers@7e5afaa6]" started-at="2025-03-11T22:52:40 IST" name="main" finished-at="2025-03-11T22:53:04 IST" duration-ms="24197" status="PASS">
          <reporter-output>
          </reporter-output>
        </test-method> <!-- main -->
      </class> <!-- shop_pumper.Store_pumper_offers -->
    </test> <!-- Default test -->
  </suite> <!-- Default suite -->
</testng-results>
